make --dry-run --always-make --keep-going --print-directory
make: Entering directory `/Users/jleroux/Workspace/fdf'
 
mkdir -p build/
gcc -Imlx -Wall -Wextra -Werror -g -c src/main.c -o build/main.o
mkdir -p build/
gcc -Imlx -Wall -Wextra -Werror -g -c src/draw.c -o build/draw.o
mkdir -p build/
gcc -Imlx -Wall -Wextra -Werror -g -c src/draw_line.c -o build/draw_line.o
mkdir -p build/
gcc -Imlx -Wall -Wextra -Werror -g -c src/matrix.c -o build/matrix.o
mkdir -p build/
gcc -Imlx -Wall -Wextra -Werror -g -c src/read_map.c -o build/read_map.o
/Applications/Xcode.app/Contents/Developer/usr/bin/make -C libft/
 
make[1]: Entering directory `/Users/jleroux/Workspace/fdf/libft'
gcc -Wall -Wextra -Werror   -c -o ft_atoi.o ft_atoi.c
 
gcc -Wall -Wextra -Werror   -c -o ft_bzero.o ft_bzero.c
gcc -Wall -Wextra -Werror   -c -o ft_calloc.o ft_calloc.c
gcc -Wall -Wextra -Werror   -c -o ft_isalnum.o ft_isalnum.c
gcc -Wall -Wextra -Werror   -c -o ft_isalpha.o ft_isalpha.c
gcc -Wall -Wextra -Werror   -c -o ft_isascii.o ft_isascii.c
gcc -Wall -Wextra -Werror   -c -o ft_isdigit.o ft_isdigit.c
gcc -Wall -Wextra -Werror   -c -o ft_isprint.o ft_isprint.c
gcc -Wall -Wextra -Werror   -c -o ft_memchr.o ft_memchr.c
gcc -Wall -Wextra -Werror   -c -o ft_memcmp.o ft_memcmp.c
gcc -Wall -Wextra -Werror   -c -o ft_memcpy.o ft_memcpy.c
gcc -Wall -Wextra -Werror   -c -o ft_memmove.o ft_memmove.c
gcc -Wall -Wextra -Werror   -c -o ft_memset.o ft_memset.c
gcc -Wall -Wextra -Werror   -c -o ft_strchr.o ft_strchr.c
gcc -Wall -Wextra -Werror   -c -o ft_strdup.o ft_strdup.c
gcc -Wall -Wextra -Werror   -c -o ft_strlcat.o ft_strlcat.c
gcc -Wall -Wextra -Werror   -c -o ft_strlcpy.o ft_strlcpy.c
gcc -Wall -Wextra -Werror   -c -o ft_strlen.o ft_strlen.c
gcc -Wall -Wextra -Werror   -c -o ft_strncmp.o ft_strncmp.c
gcc -Wall -Wextra -Werror   -c -o ft_strnstr.o ft_strnstr.c
gcc -Wall -Wextra -Werror   -c -o ft_strrchr.o ft_strrchr.c
gcc -Wall -Wextra -Werror   -c -o ft_tolower.o ft_tolower.c
gcc -Wall -Wextra -Werror   -c -o ft_toupper.o ft_toupper.c
gcc -Wall -Wextra -Werror   -c -o ft_substr.o ft_substr.c
gcc -Wall -Wextra -Werror   -c -o ft_strjoin.o ft_strjoin.c
gcc -Wall -Wextra -Werror   -c -o ft_strtrim.o ft_strtrim.c
gcc -Wall -Wextra -Werror   -c -o ft_split.o ft_split.c
gcc -Wall -Wextra -Werror   -c -o ft_itoa.o ft_itoa.c
gcc -Wall -Wextra -Werror   -c -o ft_strmapi.o ft_strmapi.c
gcc -Wall -Wextra -Werror   -c -o ft_striteri.o ft_striteri.c
gcc -Wall -Wextra -Werror   -c -o ft_putchar_fd.o ft_putchar_fd.c
gcc -Wall -Wextra -Werror   -c -o ft_putstr_fd.o ft_putstr_fd.c
gcc -Wall -Wextra -Werror   -c -o ft_putendl_fd.o ft_putendl_fd.c
gcc -Wall -Wextra -Werror   -c -o ft_putnbr_fd.o ft_putnbr_fd.c
ar rcs libft.a ft_atoi.o ft_bzero.o ft_calloc.o ft_isalnum.o ft_isalpha.o ft_isascii.o ft_isdigit.o ft_isprint.o ft_memchr.o ft_memcmp.o ft_memcpy.o ft_memmove.o ft_memset.o ft_strchr.o ft_strdup.o ft_strlcat.o ft_strlcpy.o ft_strlen.o ft_strncmp.o ft_strnstr.o ft_strrchr.o ft_tolower.o ft_toupper.o ft_substr.o ft_strjoin.o ft_strtrim.o ft_split.o ft_itoa.o ft_strmapi.o ft_striteri.o ft_putchar_fd.o ft_putstr_fd.o ft_putendl_fd.o ft_putnbr_fd.o
make[1]: Leaving directory `/Users/jleroux/Workspace/fdf/libft'
/Applications/Xcode.app/Contents/Developer/usr/bin/make -C mlx/
 
make[1]: Entering directory `/Users/jleroux/Workspace/fdf/mlx'
cc -O2   -c -o mlx_shaders.o mlx_shaders.c
 
cc -O2   -c -o mlx_new_window.o mlx_new_window.m
cc -O2   -c -o mlx_init_loop.o mlx_init_loop.m
cc -O2   -c -o mlx_new_image.o mlx_new_image.m
cc -O2   -c -o mlx_xpm.o mlx_xpm.c
cc -O2   -c -o mlx_int_str_to_wordtab.o mlx_int_str_to_wordtab.c
ar -r libmlx.a mlx_shaders.o mlx_new_window.o mlx_init_loop.o mlx_new_image.o mlx_xpm.o mlx_int_str_to_wordtab.o
ranlib libmlx.a
make[1]: Leaving directory `/Users/jleroux/Workspace/fdf/mlx'
gcc -Wall -Wextra -Werror -g -Lmlx -lmlx -framework OpenGL -framework AppKit build/main.o build/draw.o build/draw_line.o build/matrix.o build/read_map.o -o fdf libft/libft.a mlx/libmlx.a
make: Leaving directory `/Users/jleroux/Workspace/fdf'
 
